<?xml version="1.0" encoding="UTF-8"?>
<!-- Generated by org.testng.reporters.JUnitXMLReporter -->
<testsuite hostname="V7V-SEM-AIR.local" name="CustomerPage" tests="8" failures="0" timestamp="23 Dec 2015 10:55:11 GMT" time="127.998" errors="0">
  <testcase name="CustomerInput" time="0.0" classname="customerPage.Customer">
    <skipped/>
  </testcase> <!-- CustomerInput -->
  <testcase name="CustomerTab" time="0.709" classname="customerPage.Customer"/>
  <testcase name="CreateCustomer" time="16.082" classname="customerPage.Customer"/>
  <testcase name="DeleteCusotmer" time="9.817" classname="customerPage.Customer"/>
  <testcase name="Deletecustomer_Many" time="15.969" classname="customerPage.Customer"/>
  <testcase name="mergecustomers" time="20.395" classname="customerPage.Customer"/>
  <testcase name="ExportCustomer" time="20.705" classname="customerPage.Customer"/>
  <testcase name="ImportCustomer" time="26.901" classname="customerPage.Customer"/>
</testsuite> <!-- CustomerPage -->
