<?xml version="1.0" encoding="UTF-8"?>
<!-- Generated by org.testng.reporters.JUnitXMLReporter -->
<testsuite hostname="V7V-SEM-AIR.local" name="Safari" tests="1" failures="0" timestamp="21 Nov 2015 09:03:25 GMT" time="0.008" errors="0">
  <testcase name="@BeforeClass beforeTest" time="0.0" classname="src1.multibrowser">
    <failure type="java.lang.NullPointerException">
      <![CDATA[java.lang.NullPointerException
	at src1.multibrowser.beforeTest(multibrowser.java:61)
	at java.util.concurrent.FutureTask.run(FutureTask.java:266)
	at java.util.concurrent.ThreadPoolExecutor.runWorker(ThreadPoolExecutor.java:1142)
	at java.util.concurrent.ThreadPoolExecutor$Worker.run(ThreadPoolExecutor.java:617)
	at java.lang.Thread.run(Thread.java:745)
... Removed 16 stack frames]]>
    </failure>
  </testcase> <!-- @BeforeClass beforeTest -->
  <testcase name="@AfterClass afterTest" time="0.0" classname="src1.multibrowser">
    <skipped/>
  </testcase> <!-- @AfterClass afterTest -->
  <testcase name="login" time="0.001" classname="src1.multibrowser">
    <skipped/>
  </testcase> <!-- login -->
</testsuite> <!-- Safari -->
