<?xml version="1.0" encoding="UTF-8"?>
<testsuite name="Bookingpage" tests="1" failures="1" errors="0"
	skipped="0" time="0.003">
	<properties />
	<testcase name="booking" time="0.003" classname="bookingPage.BookaSlot">
		<failure type="org.openqa.selenium.remote.UnreachableBrowserException"
			message="Error communicating with the remote browser. It may have died.
Build info: version: &apos;2.48.2&apos;, revision: &apos;41bccdd&apos;, time: &apos;2015-10-09 19:55:52&apos;
System info: host: &apos;V7V-SEM-AIR.local&apos;, ip: &apos;1.1.6.103&apos;, os.name: &apos;Mac OS X&apos;, os.arch: &apos;x86_64&apos;, os.version: &apos;10.10.5&apos;, java.version: &apos;1.8.0_60&apos;
Driver info: driver.version: RemoteWebDriver">
<![CDATA[org.openqa.selenium.remote.UnreachableBrowserException: Error communicating with the remote browser. It may have died.
Build info: version: '2.48.2', revision: '41bccdd', time: '2015-10-09 19:55:52'
System info: host: 'V7V-SEM-AIR.local', ip: '1.1.6.103', os.name: 'Mac OS X', os.arch: 'x86_64', os.version: '10.10.5', java.version: '1.8.0_60'
Driver info: driver.version: RemoteWebDriver
  org.openqa.selenium.remote.RemoteWebDriver.execute(RemoteWebDriver.java:641)
  org.openqa.selenium.remote.RemoteWebDriver.findElement(RemoteWebDriver.java:353)
  org.openqa.selenium.remote.RemoteWebDriver.findElementByXPath(RemoteWebDriver.java:490)
  org.openqa.selenium.By$ByXPath.findElement(By.java:361)
  org.openqa.selenium.remote.RemoteWebDriver.findElement(RemoteWebDriver.java:345)
  bookingPage.BookaSlot.booking(BookaSlot.java:52)
  sun.reflect.NativeMethodAccessorImpl.invoke0(Native Method)
  sun.reflect.NativeMethodAccessorImpl.invoke(NativeMethodAccessorImpl.java:62)
  sun.reflect.DelegatingMethodAccessorImpl.invoke(DelegatingMethodAccessorImpl.java:43)
  java.lang.reflect.Method.invoke(Method.java:497)
  org.testng.internal.MethodInvocationHelper.invokeMethod(MethodInvocationHelper.java:85)
  org.testng.internal.Invoker.invokeMethod(Invoker.java:639)
  org.testng.internal.Invoker.invokeTestMethod(Invoker.java:821)
  org.testng.internal.Invoker.invokeTestMethods(Invoker.java:1131)
  org.testng.internal.TestMethodWorker.invokeTestMethods(TestMethodWorker.java:124)
  org.testng.internal.TestMethodWorker.run(TestMethodWorker.java:108)
  org.testng.TestRunner.privateRun(TestRunner.java:773)
  org.testng.TestRunner.run(TestRunner.java:623)
  org.testng.SuiteRunner.runTest(SuiteRunner.java:357)
  org.testng.SuiteRunner.runSequentially(SuiteRunner.java:352)
  org.testng.SuiteRunner.privateRun(SuiteRunner.java:310)
  org.testng.SuiteRunner.run(SuiteRunner.java:259)
  org.testng.SuiteRunnerWorker.runSuite(SuiteRunnerWorker.java:52)
  org.testng.SuiteRunnerWorker.run(SuiteRunnerWorker.java:86)
  org.testng.TestNG.runSuitesSequentially(TestNG.java:1185)
  org.testng.TestNG.runSuitesLocally(TestNG.java:1110)
  org.testng.TestNG.run(TestNG.java:1018)
  org.testng.remote.RemoteTestNG.run(RemoteTestNG.java:111)
  org.testng.remote.RemoteTestNG.initAndRun(RemoteTestNG.java:204)
  org.testng.remote.RemoteTestNG.main(RemoteTestNG.java:175)
Caused by: org.apache.http.conn.HttpHostConnectException: Connect to 127.0.0.1:7061 [/127.0.0.1] failed: Connection refused
  org.apache.http.impl.conn.DefaultHttpClientConnectionOperator.connect(DefaultHttpClientConnectionOperator.java:151)
  org.apache.http.impl.conn.PoolingHttpClientConnectionManager.connect(PoolingHttpClientConnectionManager.java:353)
  org.apache.http.impl.execchain.MainClientExec.establishRoute(MainClientExec.java:380)
  org.apache.http.impl.execchain.MainClientExec.execute(MainClientExec.java:236)
  org.apache.http.impl.execchain.ProtocolExec.execute(ProtocolExec.java:184)
  org.apache.http.impl.execchain.RetryExec.execute(RetryExec.java:88)
  org.apache.http.impl.execchain.RedirectExec.execute(RedirectExec.java:110)
  org.apache.http.impl.client.InternalHttpClient.doExecute(InternalHttpClient.java:184)
  org.apache.http.impl.client.CloseableHttpClient.execute(CloseableHttpClient.java:71)
  org.apache.http.impl.client.CloseableHttpClient.execute(CloseableHttpClient.java:55)
  org.openqa.selenium.remote.internal.ApacheHttpClient.fallBackExecute(ApacheHttpClient.java:143)
  org.openqa.selenium.remote.internal.ApacheHttpClient.execute(ApacheHttpClient.java:89)
  org.openqa.selenium.remote.HttpCommandExecutor.execute(HttpCommandExecutor.java:142)
  org.openqa.selenium.firefox.internal.NewProfileExtensionConnection.execute(NewProfileExtensionConnection.java:170)
  org.openqa.selenium.firefox.FirefoxDriver$LazyCommandExecutor.execute(FirefoxDriver.java:380)
  org.openqa.selenium.remote.RemoteWebDriver.execute(RemoteWebDriver.java:620)
  org.openqa.selenium.remote.RemoteWebDriver.findElement(RemoteWebDriver.java:353)
  org.openqa.selenium.remote.RemoteWebDriver.findElementByXPath(RemoteWebDriver.java:490)
  org.openqa.selenium.By$ByXPath.findElement(By.java:361)
  org.openqa.selenium.remote.RemoteWebDriver.findElement(RemoteWebDriver.java:345)
  bookingPage.BookaSlot.booking(BookaSlot.java:52)
  sun.reflect.NativeMethodAccessorImpl.invoke0(Native Method)
  sun.reflect.NativeMethodAccessorImpl.invoke(NativeMethodAccessorImpl.java:62)
  sun.reflect.DelegatingMethodAccessorImpl.invoke(DelegatingMethodAccessorImpl.java:43)
  java.lang.reflect.Method.invoke(Method.java:497)
  org.testng.internal.MethodInvocationHelper.invokeMethod(MethodInvocationHelper.java:85)
  org.testng.internal.Invoker.invokeMethod(Invoker.java:639)
  org.testng.internal.Invoker.invokeTestMethod(Invoker.java:821)
  org.testng.internal.Invoker.invokeTestMethods(Invoker.java:1131)
  org.testng.internal.TestMethodWorker.invokeTestMethods(TestMethodWorker.java:124)
  org.testng.internal.TestMethodWorker.run(TestMethodWorker.java:108)
  org.testng.TestRunner.privateRun(TestRunner.java:773)
  org.testng.TestRunner.run(TestRunner.java:623)
  org.testng.SuiteRunner.runTest(SuiteRunner.java:357)
  org.testng.SuiteRunner.runSequentially(SuiteRunner.java:352)
  org.testng.SuiteRunner.privateRun(SuiteRunner.java:310)
  org.testng.SuiteRunner.run(SuiteRunner.java:259)
  org.testng.SuiteRunnerWorker.runSuite(SuiteRunnerWorker.java:52)
  org.testng.SuiteRunnerWorker.run(SuiteRunnerWorker.java:86)
  org.testng.TestNG.runSuitesSequentially(TestNG.java:1185)
  org.testng.TestNG.runSuitesLocally(TestNG.java:1110)
  org.testng.TestNG.run(TestNG.java:1018)
  org.testng.remote.RemoteTestNG.run(RemoteTestNG.java:111)
  org.testng.remote.RemoteTestNG.initAndRun(RemoteTestNG.java:204)
  org.testng.remote.RemoteTestNG.main(RemoteTestNG.java:175)
Caused by: java.net.ConnectException: Connection refused
  java.net.PlainSocketImpl.socketConnect(Native Method)
  java.net.AbstractPlainSocketImpl.doConnect(AbstractPlainSocketImpl.java:350)
  java.net.AbstractPlainSocketImpl.connectToAddress(AbstractPlainSocketImpl.java:206)
  java.net.AbstractPlainSocketImpl.connect(AbstractPlainSocketImpl.java:188)
  java.net.SocksSocketImpl.connect(SocksSocketImpl.java:392)
  java.net.Socket.connect(Socket.java:589)
  org.apache.http.conn.socket.PlainConnectionSocketFactory.connectSocket(PlainConnectionSocketFactory.java:74)
  org.apache.http.impl.conn.DefaultHttpClientConnectionOperator.connect(DefaultHttpClientConnectionOperator.java:134)
  org.apache.http.impl.conn.PoolingHttpClientConnectionManager.connect(PoolingHttpClientConnectionManager.java:353)
  org.apache.http.impl.execchain.MainClientExec.establishRoute(MainClientExec.java:380)
  org.apache.http.impl.execchain.MainClientExec.execute(MainClientExec.java:236)
  org.apache.http.impl.execchain.ProtocolExec.execute(ProtocolExec.java:184)
  org.apache.http.impl.execchain.RetryExec.execute(RetryExec.java:88)
  org.apache.http.impl.execchain.RedirectExec.execute(RedirectExec.java:110)
  org.apache.http.impl.client.InternalHttpClient.doExecute(InternalHttpClient.java:184)
  org.apache.http.impl.client.CloseableHttpClient.execute(CloseableHttpClient.java:71)
  org.apache.http.impl.client.CloseableHttpClient.execute(CloseableHttpClient.java:55)
  org.openqa.selenium.remote.internal.ApacheHttpClient.fallBackExecute(ApacheHttpClient.java:143)
  org.openqa.selenium.remote.internal.ApacheHttpClient.execute(ApacheHttpClient.java:89)
  org.openqa.selenium.remote.HttpCommandExecutor.execute(HttpCommandExecutor.java:142)
  org.openqa.selenium.firefox.internal.NewProfileExtensionConnection.execute(NewProfileExtensionConnection.java:170)
  org.openqa.selenium.firefox.FirefoxDriver$LazyCommandExecutor.execute(FirefoxDriver.java:380)
  org.openqa.selenium.remote.RemoteWebDriver.execute(RemoteWebDriver.java:620)
  org.openqa.selenium.remote.RemoteWebDriver.findElement(RemoteWebDriver.java:353)
  org.openqa.selenium.remote.RemoteWebDriver.findElementByXPath(RemoteWebDriver.java:490)
  org.openqa.selenium.By$ByXPath.findElement(By.java:361)
  org.openqa.selenium.remote.RemoteWebDriver.findElement(RemoteWebDriver.java:345)
  bookingPage.BookaSlot.booking(BookaSlot.java:52)
  sun.reflect.NativeMethodAccessorImpl.invoke0(Native Method)
  sun.reflect.NativeMethodAccessorImpl.invoke(NativeMethodAccessorImpl.java:62)
  sun.reflect.DelegatingMethodAccessorImpl.invoke(DelegatingMethodAccessorImpl.java:43)
  java.lang.reflect.Method.invoke(Method.java:497)
  org.testng.internal.MethodInvocationHelper.invokeMethod(MethodInvocationHelper.java:85)
  org.testng.internal.Invoker.invokeMethod(Invoker.java:639)
  org.testng.internal.Invoker.invokeTestMethod(Invoker.java:821)
  org.testng.internal.Invoker.invokeTestMethods(Invoker.java:1131)
  org.testng.internal.TestMethodWorker.invokeTestMethods(TestMethodWorker.java:124)
  org.testng.internal.TestMethodWorker.run(TestMethodWorker.java:108)
  org.testng.TestRunner.privateRun(TestRunner.java:773)
  org.testng.TestRunner.run(TestRunner.java:623)
  org.testng.SuiteRunner.runTest(SuiteRunner.java:357)
  org.testng.SuiteRunner.runSequentially(SuiteRunner.java:352)
  org.testng.SuiteRunner.privateRun(SuiteRunner.java:310)
  org.testng.SuiteRunner.run(SuiteRunner.java:259)
  org.testng.SuiteRunnerWorker.runSuite(SuiteRunnerWorker.java:52)
  org.testng.SuiteRunnerWorker.run(SuiteRunnerWorker.java:86)
  org.testng.TestNG.runSuitesSequentially(TestNG.java:1185)
  org.testng.TestNG.runSuitesLocally(TestNG.java:1110)
  org.testng.TestNG.run(TestNG.java:1018)
  org.testng.remote.RemoteTestNG.run(RemoteTestNG.java:111)
  org.testng.remote.RemoteTestNG.initAndRun(RemoteTestNG.java:204)
  org.testng.remote.RemoteTestNG.main(RemoteTestNG.java:175)
]]>
		</failure>

	</testcase>



</testsuite>
