<?xml version="1.0" encoding="UTF-8"?>
<testsuite name="Calendar"
           tests="3"
           failures="2"
           errors="0"
           skipped="1"
           time="1728.502">
  <properties />
            <testcase name="book" time="1728.502" classname="CalendarPage.Singlebooking">
                <failure type="org.openqa.selenium.remote.UnreachableBrowserException"
                  message="Error communicating with the remote browser. It may have died.
Build info: version: &apos;2.45.0&apos;, revision: &apos;32a636c&apos;, time: &apos;2015-03-05 22:01:35&apos;
System info: host: &apos;V7V-SEM-AIR.local&apos;, ip: &apos;1.1.6.103&apos;, os.name: &apos;Mac OS X&apos;, os.arch: &apos;x86_64&apos;, os.version: &apos;10.10.5&apos;, java.version: &apos;1.8.0_60&apos;
Driver info: driver.version: RemoteWebDriver"
              >
<![CDATA[org.openqa.selenium.remote.UnreachableBrowserException: Error communicating with the remote browser. It may have died.
Build info: version: '2.45.0', revision: '32a636c', time: '2015-03-05 22:01:35'
System info: host: 'V7V-SEM-AIR.local', ip: '1.1.6.103', os.name: 'Mac OS X', os.arch: 'x86_64', os.version: '10.10.5', java.version: '1.8.0_60'
Driver info: driver.version: RemoteWebDriver
  org.openqa.selenium.remote.RemoteWebDriver.execute(RemoteWebDriver.java:593)
  org.openqa.selenium.remote.RemoteWebDriver.findElement(RemoteWebDriver.java:352)
  org.openqa.selenium.remote.RemoteWebDriver.findElementByXPath(RemoteWebDriver.java:449)
  org.openqa.selenium.By$ByXPath.findElement(By.java:357)
  org.openqa.selenium.remote.RemoteWebDriver.findElement(RemoteWebDriver.java:344)
  CalendarPage.Singlebooking.book(Singlebooking.java:51)
  sun.reflect.NativeMethodAccessorImpl.invoke0(Native Method)
  sun.reflect.NativeMethodAccessorImpl.invoke(NativeMethodAccessorImpl.java:62)
  sun.reflect.DelegatingMethodAccessorImpl.invoke(DelegatingMethodAccessorImpl.java:43)
  java.lang.reflect.Method.invoke(Method.java:497)
  org.testng.internal.MethodInvocationHelper.invokeMethod(MethodInvocationHelper.java:85)
  org.testng.internal.Invoker.invokeMethod(Invoker.java:639)
  org.testng.internal.Invoker.invokeTestMethod(Invoker.java:816)
  org.testng.internal.Invoker.invokeTestMethods(Invoker.java:1124)
  org.testng.internal.TestMethodWorker.invokeTestMethods(TestMethodWorker.java:125)
  org.testng.internal.TestMethodWorker.run(TestMethodWorker.java:108)
  org.testng.TestRunner.privateRun(TestRunner.java:774)
  org.testng.TestRunner.run(TestRunner.java:624)
  org.testng.SuiteRunner.runTest(SuiteRunner.java:359)
  org.testng.SuiteRunner.runSequentially(SuiteRunner.java:354)
  org.testng.SuiteRunner.privateRun(SuiteRunner.java:312)
  org.testng.SuiteRunner.run(SuiteRunner.java:261)
  org.testng.SuiteRunnerWorker.runSuite(SuiteRunnerWorker.java:52)
  org.testng.SuiteRunnerWorker.run(SuiteRunnerWorker.java:86)
  org.testng.TestNG.runSuitesSequentially(TestNG.java:1215)
  org.testng.TestNG.runSuitesLocally(TestNG.java:1140)
  org.testng.TestNG.run(TestNG.java:1048)
  org.testng.remote.RemoteTestNG.run(RemoteTestNG.java:112)
  org.testng.remote.RemoteTestNG.initAndRun(RemoteTestNG.java:205)
  org.testng.remote.RemoteTestNG.main(RemoteTestNG.java:176)
Caused by: org.apache.http.conn.HttpHostConnectException: Connect to 127.0.0.1:7055 [/127.0.0.1] failed: Connection refused
  org.apache.http.impl.conn.HttpClientConnectionOperator.connect(HttpClientConnectionOperator.java:142)
  org.apache.http.impl.conn.PoolingHttpClientConnectionManager.connect(PoolingHttpClientConnectionManager.java:319)
  org.apache.http.impl.execchain.MainClientExec.establishRoute(MainClientExec.java:363)
  org.apache.http.impl.execchain.MainClientExec.execute(MainClientExec.java:219)
  org.apache.http.impl.execchain.ProtocolExec.execute(ProtocolExec.java:195)
  org.apache.http.impl.execchain.RetryExec.execute(RetryExec.java:86)
  org.apache.http.impl.execchain.RedirectExec.execute(RedirectExec.java:108)
  org.apache.http.impl.client.InternalHttpClient.doExecute(InternalHttpClient.java:184)
  org.apache.http.impl.client.CloseableHttpClient.execute(CloseableHttpClient.java:72)
  org.apache.http.impl.client.CloseableHttpClient.execute(CloseableHttpClient.java:57)
  org.openqa.selenium.remote.internal.ApacheHttpClient.fallBackExecute(ApacheHttpClient.java:144)
  org.openqa.selenium.remote.internal.ApacheHttpClient.execute(ApacheHttpClient.java:72)
  org.openqa.selenium.remote.HttpCommandExecutor.execute(HttpCommandExecutor.java:133)
  org.openqa.selenium.firefox.internal.NewProfileExtensionConnection.execute(NewProfileExtensionConnection.java:165)
  org.openqa.selenium.firefox.FirefoxDriver$LazyCommandExecutor.execute(FirefoxDriver.java:362)
  org.openqa.selenium.remote.RemoteWebDriver.execute(RemoteWebDriver.java:572)
  org.openqa.selenium.remote.RemoteWebDriver.findElement(RemoteWebDriver.java:352)
  org.openqa.selenium.remote.RemoteWebDriver.findElementByXPath(RemoteWebDriver.java:449)
  org.openqa.selenium.By$ByXPath.findElement(By.java:357)
  org.openqa.selenium.remote.RemoteWebDriver.findElement(RemoteWebDriver.java:344)
  CalendarPage.Singlebooking.book(Singlebooking.java:51)
  sun.reflect.NativeMethodAccessorImpl.invoke0(Native Method)
  sun.reflect.NativeMethodAccessorImpl.invoke(NativeMethodAccessorImpl.java:62)
  sun.reflect.DelegatingMethodAccessorImpl.invoke(DelegatingMethodAccessorImpl.java:43)
  java.lang.reflect.Method.invoke(Method.java:497)
  org.testng.internal.MethodInvocationHelper.invokeMethod(MethodInvocationHelper.java:85)
  org.testng.internal.Invoker.invokeMethod(Invoker.java:639)
  org.testng.internal.Invoker.invokeTestMethod(Invoker.java:816)
  org.testng.internal.Invoker.invokeTestMethods(Invoker.java:1124)
  org.testng.internal.TestMethodWorker.invokeTestMethods(TestMethodWorker.java:125)
  org.testng.internal.TestMethodWorker.run(TestMethodWorker.java:108)
  org.testng.TestRunner.privateRun(TestRunner.java:774)
  org.testng.TestRunner.run(TestRunner.java:624)
  org.testng.SuiteRunner.runTest(SuiteRunner.java:359)
  org.testng.SuiteRunner.runSequentially(SuiteRunner.java:354)
  org.testng.SuiteRunner.privateRun(SuiteRunner.java:312)
  org.testng.SuiteRunner.run(SuiteRunner.java:261)
  org.testng.SuiteRunnerWorker.runSuite(SuiteRunnerWorker.java:52)
  org.testng.SuiteRunnerWorker.run(SuiteRunnerWorker.java:86)
  org.testng.TestNG.runSuitesSequentially(TestNG.java:1215)
  org.testng.TestNG.runSuitesLocally(TestNG.java:1140)
  org.testng.TestNG.run(TestNG.java:1048)
  org.testng.remote.RemoteTestNG.run(RemoteTestNG.java:112)
  org.testng.remote.RemoteTestNG.initAndRun(RemoteTestNG.java:205)
  org.testng.remote.RemoteTestNG.main(RemoteTestNG.java:176)
Caused by: java.net.ConnectException: Connection refused
  java.net.PlainSocketImpl.socketConnect(Native Method)
  java.net.AbstractPlainSocketImpl.doConnect(AbstractPlainSocketImpl.java:350)
  java.net.AbstractPlainSocketImpl.connectToAddress(AbstractPlainSocketImpl.java:206)
  java.net.AbstractPlainSocketImpl.connect(AbstractPlainSocketImpl.java:188)
  java.net.SocksSocketImpl.connect(SocksSocketImpl.java:392)
  java.net.Socket.connect(Socket.java:589)
  org.apache.http.conn.socket.PlainConnectionSocketFactory.connectSocket(PlainConnectionSocketFactory.java:72)
  org.apache.http.impl.conn.HttpClientConnectionOperator.connect(HttpClientConnectionOperator.java:125)
  org.apache.http.impl.conn.PoolingHttpClientConnectionManager.connect(PoolingHttpClientConnectionManager.java:319)
  org.apache.http.impl.execchain.MainClientExec.establishRoute(MainClientExec.java:363)
  org.apache.http.impl.execchain.MainClientExec.execute(MainClientExec.java:219)
  org.apache.http.impl.execchain.ProtocolExec.execute(ProtocolExec.java:195)
  org.apache.http.impl.execchain.RetryExec.execute(RetryExec.java:86)
  org.apache.http.impl.execchain.RedirectExec.execute(RedirectExec.java:108)
  org.apache.http.impl.client.InternalHttpClient.doExecute(InternalHttpClient.java:184)
  org.apache.http.impl.client.CloseableHttpClient.execute(CloseableHttpClient.java:72)
  org.apache.http.impl.client.CloseableHttpClient.execute(CloseableHttpClient.java:57)
  org.openqa.selenium.remote.internal.ApacheHttpClient.fallBackExecute(ApacheHttpClient.java:144)
  org.openqa.selenium.remote.internal.ApacheHttpClient.execute(ApacheHttpClient.java:72)
  org.openqa.selenium.remote.HttpCommandExecutor.execute(HttpCommandExecutor.java:133)
  org.openqa.selenium.firefox.internal.NewProfileExtensionConnection.execute(NewProfileExtensionConnection.java:165)
  org.openqa.selenium.firefox.FirefoxDriver$LazyCommandExecutor.execute(FirefoxDriver.java:362)
  org.openqa.selenium.remote.RemoteWebDriver.execute(RemoteWebDriver.java:572)
  org.openqa.selenium.remote.RemoteWebDriver.findElement(RemoteWebDriver.java:352)
  org.openqa.selenium.remote.RemoteWebDriver.findElementByXPath(RemoteWebDriver.java:449)
  org.openqa.selenium.By$ByXPath.findElement(By.java:357)
  org.openqa.selenium.remote.RemoteWebDriver.findElement(RemoteWebDriver.java:344)
  CalendarPage.Singlebooking.book(Singlebooking.java:51)
  sun.reflect.NativeMethodAccessorImpl.invoke0(Native Method)
  sun.reflect.NativeMethodAccessorImpl.invoke(NativeMethodAccessorImpl.java:62)
  sun.reflect.DelegatingMethodAccessorImpl.invoke(DelegatingMethodAccessorImpl.java:43)
  java.lang.reflect.Method.invoke(Method.java:497)
  org.testng.internal.MethodInvocationHelper.invokeMethod(MethodInvocationHelper.java:85)
  org.testng.internal.Invoker.invokeMethod(Invoker.java:639)
  org.testng.internal.Invoker.invokeTestMethod(Invoker.java:816)
  org.testng.internal.Invoker.invokeTestMethods(Invoker.java:1124)
  org.testng.internal.TestMethodWorker.invokeTestMethods(TestMethodWorker.java:125)
  org.testng.internal.TestMethodWorker.run(TestMethodWorker.java:108)
  org.testng.TestRunner.privateRun(TestRunner.java:774)
  org.testng.TestRunner.run(TestRunner.java:624)
  org.testng.SuiteRunner.runTest(SuiteRunner.java:359)
  org.testng.SuiteRunner.runSequentially(SuiteRunner.java:354)
  org.testng.SuiteRunner.privateRun(SuiteRunner.java:312)
  org.testng.SuiteRunner.run(SuiteRunner.java:261)
  org.testng.SuiteRunnerWorker.runSuite(SuiteRunnerWorker.java:52)
  org.testng.SuiteRunnerWorker.run(SuiteRunnerWorker.java:86)
  org.testng.TestNG.runSuitesSequentially(TestNG.java:1215)
  org.testng.TestNG.runSuitesLocally(TestNG.java:1140)
  org.testng.TestNG.run(TestNG.java:1048)
  org.testng.remote.RemoteTestNG.run(RemoteTestNG.java:112)
  org.testng.remote.RemoteTestNG.initAndRun(RemoteTestNG.java:205)
  org.testng.remote.RemoteTestNG.main(RemoteTestNG.java:176)
]]>
      </failure>

          </testcase>
            <testcase name="end" time="0.000" classname="CalendarPage.Singlebooking">
                <failure type="org.openqa.selenium.remote.UnreachableBrowserException"
                  message="Error communicating with the remote browser. It may have died.
Build info: version: &apos;2.45.0&apos;, revision: &apos;32a636c&apos;, time: &apos;2015-03-05 22:01:35&apos;
System info: host: &apos;V7V-SEM-AIR.local&apos;, ip: &apos;1.1.6.103&apos;, os.name: &apos;Mac OS X&apos;, os.arch: &apos;x86_64&apos;, os.version: &apos;10.10.5&apos;, java.version: &apos;1.8.0_60&apos;
Driver info: driver.version: RemoteWebDriver"
              >
<![CDATA[org.openqa.selenium.remote.UnreachableBrowserException: Error communicating with the remote browser. It may have died.
Build info: version: '2.45.0', revision: '32a636c', time: '2015-03-05 22:01:35'
System info: host: 'V7V-SEM-AIR.local', ip: '1.1.6.103', os.name: 'Mac OS X', os.arch: 'x86_64', os.version: '10.10.5', java.version: '1.8.0_60'
Driver info: driver.version: RemoteWebDriver
  org.openqa.selenium.remote.RemoteWebDriver.execute(RemoteWebDriver.java:593)
  org.openqa.selenium.remote.RemoteWebDriver.execute(RemoteWebDriver.java:622)
  org.openqa.selenium.remote.RemoteWebDriver.quit(RemoteWebDriver.java:468)
  CalendarPage.Singlebooking.end(Singlebooking.java:66)
  sun.reflect.NativeMethodAccessorImpl.invoke0(Native Method)
  sun.reflect.NativeMethodAccessorImpl.invoke(NativeMethodAccessorImpl.java:62)
  sun.reflect.DelegatingMethodAccessorImpl.invoke(DelegatingMethodAccessorImpl.java:43)
  java.lang.reflect.Method.invoke(Method.java:497)
  org.testng.internal.MethodInvocationHelper.invokeMethod(MethodInvocationHelper.java:85)
  org.testng.internal.Invoker.invokeConfigurationMethod(Invoker.java:510)
  org.testng.internal.Invoker.invokeConfigurations(Invoker.java:211)
  org.testng.internal.Invoker.invokeConfigurations(Invoker.java:138)
  org.testng.SuiteRunner.privateRun(SuiteRunner.java:329)
  org.testng.SuiteRunner.run(SuiteRunner.java:261)
  org.testng.SuiteRunnerWorker.runSuite(SuiteRunnerWorker.java:52)
  org.testng.SuiteRunnerWorker.run(SuiteRunnerWorker.java:86)
  org.testng.TestNG.runSuitesSequentially(TestNG.java:1215)
  org.testng.TestNG.runSuitesLocally(TestNG.java:1140)
  org.testng.TestNG.run(TestNG.java:1048)
  org.testng.remote.RemoteTestNG.run(RemoteTestNG.java:112)
  org.testng.remote.RemoteTestNG.initAndRun(RemoteTestNG.java:205)
  org.testng.remote.RemoteTestNG.main(RemoteTestNG.java:176)
Caused by: org.apache.http.conn.HttpHostConnectException: Connect to 127.0.0.1:7055 [/127.0.0.1] failed: Connection refused
  org.apache.http.impl.conn.HttpClientConnectionOperator.connect(HttpClientConnectionOperator.java:142)
  org.apache.http.impl.conn.PoolingHttpClientConnectionManager.connect(PoolingHttpClientConnectionManager.java:319)
  org.apache.http.impl.execchain.MainClientExec.establishRoute(MainClientExec.java:363)
  org.apache.http.impl.execchain.MainClientExec.execute(MainClientExec.java:219)
  org.apache.http.impl.execchain.ProtocolExec.execute(ProtocolExec.java:195)
  org.apache.http.impl.execchain.RetryExec.execute(RetryExec.java:86)
  org.apache.http.impl.execchain.RedirectExec.execute(RedirectExec.java:108)
  org.apache.http.impl.client.InternalHttpClient.doExecute(InternalHttpClient.java:184)
  org.apache.http.impl.client.CloseableHttpClient.execute(CloseableHttpClient.java:72)
  org.apache.http.impl.client.CloseableHttpClient.execute(CloseableHttpClient.java:57)
  org.openqa.selenium.remote.internal.ApacheHttpClient.fallBackExecute(ApacheHttpClient.java:126)
  org.openqa.selenium.remote.internal.ApacheHttpClient.execute(ApacheHttpClient.java:72)
  org.openqa.selenium.remote.HttpCommandExecutor.execute(HttpCommandExecutor.java:133)
  org.openqa.selenium.firefox.internal.NewProfileExtensionConnection.execute(NewProfileExtensionConnection.java:165)
  org.openqa.selenium.firefox.FirefoxDriver$LazyCommandExecutor.execute(FirefoxDriver.java:362)
  org.openqa.selenium.remote.RemoteWebDriver.execute(RemoteWebDriver.java:572)
  org.openqa.selenium.remote.RemoteWebDriver.execute(RemoteWebDriver.java:622)
  org.openqa.selenium.remote.RemoteWebDriver.quit(RemoteWebDriver.java:468)
  CalendarPage.Singlebooking.end(Singlebooking.java:66)
  sun.reflect.NativeMethodAccessorImpl.invoke0(Native Method)
  sun.reflect.NativeMethodAccessorImpl.invoke(NativeMethodAccessorImpl.java:62)
  sun.reflect.DelegatingMethodAccessorImpl.invoke(DelegatingMethodAccessorImpl.java:43)
  java.lang.reflect.Method.invoke(Method.java:497)
  org.testng.internal.MethodInvocationHelper.invokeMethod(MethodInvocationHelper.java:85)
  org.testng.internal.Invoker.invokeConfigurationMethod(Invoker.java:510)
  org.testng.internal.Invoker.invokeConfigurations(Invoker.java:211)
  org.testng.internal.Invoker.invokeConfigurations(Invoker.java:138)
  org.testng.SuiteRunner.privateRun(SuiteRunner.java:329)
  org.testng.SuiteRunner.run(SuiteRunner.java:261)
  org.testng.SuiteRunnerWorker.runSuite(SuiteRunnerWorker.java:52)
  org.testng.SuiteRunnerWorker.run(SuiteRunnerWorker.java:86)
  org.testng.TestNG.runSuitesSequentially(TestNG.java:1215)
  org.testng.TestNG.runSuitesLocally(TestNG.java:1140)
  org.testng.TestNG.run(TestNG.java:1048)
  org.testng.remote.RemoteTestNG.run(RemoteTestNG.java:112)
  org.testng.remote.RemoteTestNG.initAndRun(RemoteTestNG.java:205)
  org.testng.remote.RemoteTestNG.main(RemoteTestNG.java:176)
Caused by: java.net.ConnectException: Connection refused
  java.net.PlainSocketImpl.socketConnect(Native Method)
  java.net.AbstractPlainSocketImpl.doConnect(AbstractPlainSocketImpl.java:350)
  java.net.AbstractPlainSocketImpl.connectToAddress(AbstractPlainSocketImpl.java:206)
  java.net.AbstractPlainSocketImpl.connect(AbstractPlainSocketImpl.java:188)
  java.net.SocksSocketImpl.connect(SocksSocketImpl.java:392)
  java.net.Socket.connect(Socket.java:589)
  org.apache.http.conn.socket.PlainConnectionSocketFactory.connectSocket(PlainConnectionSocketFactory.java:72)
  org.apache.http.impl.conn.HttpClientConnectionOperator.connect(HttpClientConnectionOperator.java:125)
  org.apache.http.impl.conn.PoolingHttpClientConnectionManager.connect(PoolingHttpClientConnectionManager.java:319)
  org.apache.http.impl.execchain.MainClientExec.establishRoute(MainClientExec.java:363)
  org.apache.http.impl.execchain.MainClientExec.execute(MainClientExec.java:219)
  org.apache.http.impl.execchain.ProtocolExec.execute(ProtocolExec.java:195)
  org.apache.http.impl.execchain.RetryExec.execute(RetryExec.java:86)
  org.apache.http.impl.execchain.RedirectExec.execute(RedirectExec.java:108)
  org.apache.http.impl.client.InternalHttpClient.doExecute(InternalHttpClient.java:184)
  org.apache.http.impl.client.CloseableHttpClient.execute(CloseableHttpClient.java:72)
  org.apache.http.impl.client.CloseableHttpClient.execute(CloseableHttpClient.java:57)
  org.openqa.selenium.remote.internal.ApacheHttpClient.fallBackExecute(ApacheHttpClient.java:126)
  org.openqa.selenium.remote.internal.ApacheHttpClient.execute(ApacheHttpClient.java:72)
  org.openqa.selenium.remote.HttpCommandExecutor.execute(HttpCommandExecutor.java:133)
  org.openqa.selenium.firefox.internal.NewProfileExtensionConnection.execute(NewProfileExtensionConnection.java:165)
  org.openqa.selenium.firefox.FirefoxDriver$LazyCommandExecutor.execute(FirefoxDriver.java:362)
  org.openqa.selenium.remote.RemoteWebDriver.execute(RemoteWebDriver.java:572)
  org.openqa.selenium.remote.RemoteWebDriver.execute(RemoteWebDriver.java:622)
  org.openqa.selenium.remote.RemoteWebDriver.quit(RemoteWebDriver.java:468)
  CalendarPage.Singlebooking.end(Singlebooking.java:66)
  sun.reflect.NativeMethodAccessorImpl.invoke0(Native Method)
  sun.reflect.NativeMethodAccessorImpl.invoke(NativeMethodAccessorImpl.java:62)
  sun.reflect.DelegatingMethodAccessorImpl.invoke(DelegatingMethodAccessorImpl.java:43)
  java.lang.reflect.Method.invoke(Method.java:497)
  org.testng.internal.MethodInvocationHelper.invokeMethod(MethodInvocationHelper.java:85)
  org.testng.internal.Invoker.invokeConfigurationMethod(Invoker.java:510)
  org.testng.internal.Invoker.invokeConfigurations(Invoker.java:211)
  org.testng.internal.Invoker.invokeConfigurations(Invoker.java:138)
  org.testng.SuiteRunner.privateRun(SuiteRunner.java:329)
  org.testng.SuiteRunner.run(SuiteRunner.java:261)
  org.testng.SuiteRunnerWorker.runSuite(SuiteRunnerWorker.java:52)
  org.testng.SuiteRunnerWorker.run(SuiteRunnerWorker.java:86)
  org.testng.TestNG.runSuitesSequentially(TestNG.java:1215)
  org.testng.TestNG.runSuitesLocally(TestNG.java:1140)
  org.testng.TestNG.run(TestNG.java:1048)
  org.testng.remote.RemoteTestNG.run(RemoteTestNG.java:112)
  org.testng.remote.RemoteTestNG.initAndRun(RemoteTestNG.java:205)
  org.testng.remote.RemoteTestNG.main(RemoteTestNG.java:176)
]]>
      </failure>

          </testcase>
  
            <testcase name="end" time="0.0" classname="CalendarPage.Singlebooking">
          <skipped />
    </testcase>
  
  
</testsuite>
