<?xml version="1.0" encoding="UTF-8"?>
<testng-results skipped="0" failed="0" total="2" passed="2">
  <reporter-output>
  </reporter-output>
  <suite name="Default suite" duration-ms="51926" started-at="2017-03-20T10:53:38Z" finished-at="2017-03-20T10:54:30Z">
    <groups>
    </groups>
    <test name="Default test" duration-ms="51926" started-at="2017-03-20T10:53:38Z" finished-at="2017-03-20T10:54:30Z">
      <class name="customerPage.ExportMailChimp">
        <test-method status="PASS" signature="Login()[pri:0, instance:customerPage.ExportMailChimp@4d02f94e]" name="Login" is-config="true" duration-ms="20969" started-at="2017-03-20T16:23:39Z" finished-at="2017-03-20T16:23:59Z">
          <reporter-output>
          </reporter-output>
        </test-method> <!-- Login -->
        <test-method status="PASS" signature="CustomerTab()[pri:1, instance:customerPage.ExportMailChimp@4d02f94e]" name="CustomerTab" duration-ms="1501" started-at="2017-03-20T16:23:59Z" finished-at="2017-03-20T16:24:01Z">
          <reporter-output>
          </reporter-output>
        </test-method> <!-- CustomerTab -->
        <test-method status="PASS" signature="ConnectMailChimp()[pri:2, instance:customerPage.ExportMailChimp@4d02f94e]" name="ConnectMailChimp" duration-ms="27130" started-at="2017-03-20T16:24:01Z" finished-at="2017-03-20T16:24:28Z">
          <reporter-output>
          </reporter-output>
        </test-method> <!-- ConnectMailChimp -->
        <test-method status="PASS" signature="Logout()[pri:0, instance:customerPage.ExportMailChimp@4d02f94e]" name="Logout" is-config="true" duration-ms="2286" started-at="2017-03-20T16:24:28Z" finished-at="2017-03-20T16:24:30Z">
          <reporter-output>
          </reporter-output>
        </test-method> <!-- Logout -->
      </class> <!-- customerPage.ExportMailChimp -->
    </test> <!-- Default test -->
  </suite> <!-- Default suite -->
</testng-results>
